C51 COMPILER V9.50a   MINOR_AT1                                                            02/22/2021 16:19:06 PAGE 1   


C51 COMPILER V9.50a, COMPILATION OF MODULE MINOR_AT1
OBJECT MODULE PLACED IN minor_at1.OBJ
COMPILER INVOKED BY: C:\Keil\C51\BIN\C51.EXE minor_at1.c BROWSE DEBUG OBJECTEXTEND TABS(2)

line level    source

   1          #include<reg52.h>
   2          
   3          sbit r0=P2^0;   //Rows Declared
   4          sbit r1=P2^1;
   5          sbit r2=P2^2;
   6          sbit r3=P2^3;
   7          
   8          sbit c0=P2^5;   //Coulombs declared
   9          sbit c1=P2^6;
  10          sbit c2=P2^7;
  11          
  12          sbit en=P3^6;   //Lcd control pins declared
  13          sbit rs=P3^5;
  14          sbit rw=P3^7;
  15          
  16          
  17          sbit motor_pin_1=P0^0;//for motor
  18          sbit motor_pin_2=P0^1;
  19          
  20          
  21          
  22          char t1[]="Enter Password";  //String displayed on 16x2 lcd screen
  23          char t2[]="Access Denied";
  24          char t3[]="Access Granted";
  25          
  26          void delay(unsigned int no)   //Delay function generating variable delay
  27          {
  28   1      unsigned int i,j;
  29   1      for(j=0;j<=no;j++){}
  30   1      for(i=0;i<=1000;i++){}
  31   1      }
  32          
  33          
  34          void lcdcmd(unsigned int  command){  //Lcd command function
  35   1      P1=command;
  36   1      rw=0;
  37   1      rs=0;
  38   1      en=0;
  39   1      delay(3000);
  40   1      en=1;
  41   1      delay(3000);
  42   1      en=0;
  43   1      }
  44          
  45          void lcddata(char data1)     //Lcd data function
  46          {
  47   1      P1=data1;
  48   1      rw=0;
  49   1      rs=1;
  50   1      en=0;
  51   1      delay(3000);
  52   1      en=1;
  53   1      delay(3000);
  54   1      en=0;
  55   1      }
C51 COMPILER V9.50a   MINOR_AT1                                                            02/22/2021 16:19:06 PAGE 2   

  56          
  57          void lcdint()  // Lcd initializing function
  58          {
  59   1      lcdcmd(0x30); delay(3000);  lcdcmd(0x30); delay(3000);  lcdcmd(0x30); delay(3000);
  60   1      lcdcmd(0x30); delay(3000);  lcdcmd(0x30); delay(3000);  lcdcmd(0x38); delay(3000);
  61   1      lcdcmd(0x01); delay(3000);  lcdcmd(0x0F); delay(3000);  lcdcmd(0x80); delay(3000);
  62   1      }
  63          
  64          int keypad()  //Lcd keypad scanning function
  65          {
  66   1      int state=0;
  67   1      char c='a';
  68   1      while(c!='s'){
  69   2      r0=0;r1=1;r2=1;r3=1;
  70   2      if(c0==0){lcddata('*');delay(20000);c='s';return state=1;}//1
  71   2       if(c1==0){lcddata('*');delay(20000);c='s';return state=2;}//2
  72   2       if(c2==0){lcddata('*');delay(20000);c='s';return state=3;}//3
  73   2      
  74   2      r0=1;r1=0;r2=1;r3=1;
  75   2      if(c0==0){lcddata('*');delay(20000);c='s';return state=4;}//4
  76   2       if(c1==0){lcddata('*');delay(20000);c='s';return state=5;}//5
  77   2       if(c2==0){lcddata('*');delay(20000);c='s';return state=6;}//6
  78   2      
  79   2      r0=1;r1=1;r2=0;r3=1;
  80   2      if(c0==0){lcddata('*');delay(20000);c='s';return state=7;}//7
  81   2       if(c1==0){lcddata('*');delay(20000);c='s';return state=8;}//8
  82   2       if(c2==0){lcddata('*');delay(20000);c='s';return state=9;}//9
  83   2      
  84   2      r0=1;r1=1;r2=1;r3=0;
  85   2      if(c0==0){lcddata('*');delay(20000);c='s';return state=10;}//*
  86   2       if(c1==0){lcddata('*');delay(20000);c='s';return state=11;}//0
  87   2       if(c2==0){lcddata('*');delay(20000);c='s';return state=12;}//#
  88   2      
  89   2      }
  90   1      }
  91          
  92          void main() //Projecct main function
  93          {
  94   1        unsigned int y=0;
  95   1        unsigned int x=0;
  96   1      int j[4]=0;
  97   1      unsigned int i=0;
  98   1      int k[4]={1,2,3,4};
  99   1      P1=0x00;
 100   1      P2=0xF0;
 101   1      P3=0x00;
 102   1      P0=0xF0;  
 103   1      lcdint();   //Initialize 16x2 Lcd
 104   1      do{
 105   2        lcdcmd(0x01);// clear screen
 106   2        lcdcmd(0x80);//cursor at home position
 107   2      i=0;
 108   2      //lcdcmd(0x0C);// display on cursor off
 109   2      while(t1[i]!='\0')  //Display well come message on 16x2 lcd sccreen
 110   2      {
 111   3      lcddata(t1[i]);
 112   3      i++;
 113   3      }
 114   2      
 115   2      
 116   2      lcdcmd(0xC0);     //Control transfer to second row of lcd
 117   2      
C51 COMPILER V9.50a   MINOR_AT1                                                            02/22/2021 16:19:06 PAGE 3   

 118   2      
 119   2      for(i=0;i<4;i++)
 120   2      {
 121   3      j[i]=keypad();
 122   3        
 123   3      }
 124   2      lcdcmd(0x01);// clear screen
 125   2      for(i=0;i<4;i++)
 126   2      {
 127   3      if (j[i] != k[i])
 128   3      {
 129   4      y=1;
 130   4      }
 131   3      }
 132   2      
 133   2      if(y==0)
 134   2      {
 135   3          i=0;
 136   3        motor_pin_1 = 1;
 137   3          motor_pin_2 = 0; //Rotates Motor Anti Clockwise
 138   3          delay(300000);
 139   3        delay(999999);
 140   3        delay(999999);
 141   3        delay(999999);
 142   3        delay(999999);
 143   3        delay(999999);
 144   3        delay(999999);
 145   3          motor_pin_1 = 1;
 146   3          motor_pin_2 = 1; //Stops Motor
 147   3        while(t3[i]!='\0')  //Access Granted
 148   3      {
 149   4      lcddata(t3[i]);
 150   4      i++;
 151   4      }
 152   3          delay(999999);
 153   3        delay(999999);
 154   3        delay(999999);
 155   3        delay(999999);
 156   3        delay(999999);
 157   3        delay(999999);
 158   3        delay(999999);
 159   3        delay(999999);
 160   3        delay(999999);
 161   3        delay(999999);
 162   3        motor_pin_1 = 0;
 163   3          motor_pin_2 = 1; //Rotates Motor Clockwise
 164   3         delay(300000);
 165   3        delay(999999);
 166   3        delay(999999);
 167   3        delay(999999);
 168   3        delay(999999);
 169   3        delay(999999);
 170   3        delay(999999);
 171   3          motor_pin_1 = 1;
 172   3          motor_pin_2 = 1; // Stops Motor
 173   3      
 174   3      
 175   3      }
 176   2      else
 177   2      { 
 178   3      i=0;
 179   3      while(t2[i]!='\0')  //Access Denied
C51 COMPILER V9.50a   MINOR_AT1                                                            02/22/2021 16:19:06 PAGE 4   

 180   3      {
 181   4      lcddata(t2[i]);
 182   4      i++;
 183   4      }
 184   3      }
 185   2        
 186   2      } while(1);
 187   1      }
 188          
*** WARNING C291 IN LINE 90 OF minor_at1.c: not every exit path returns a value


MODULE INFORMATION:   STATIC OVERLAYABLE
   CODE SIZE        =    823    ----
   CONSTANT SIZE    =     16    ----
   XDATA SIZE       =   ----    ----
   PDATA SIZE       =   ----    ----
   DATA SIZE        =     44      22
   IDATA SIZE       =   ----    ----
   BIT SIZE         =   ----    ----
END OF MODULE INFORMATION.


C51 COMPILATION COMPLETE.  1 WARNING(S),  0 ERROR(S)
